app/build/intermediates/manifest_merge_blame_file/debug/processDebugMainManifest/manifest-merger-blame-debug-report.txt
1<?xml version="1.0" encoding="utf-8"?>
2<manifest xmlns:android="http://schemas.android.com/apk/res/android"
3    package="com.aistudio.refguard.upiprot.debug"
4    android:versionCode="1"
5    android:versionName="1.0.0-debug" >
6
7    <uses-sdk
8        android:minSdkVersion="26"
9        android:targetSdkVersion="34" />
10
11    <!-- Networking -->
12    <uses-permission android:name="android.permission.INTERNET" />
12-->src\main\AndroidManifest.xml:5:5-67
12-->src\main\AndroidManifest.xml:5:22-64
13    <uses-permission android:name="android.permission.ACCESS_NETWORK_STATE" />
13-->src\main\AndroidManifest.xml:6:5-79
13-->src\main\AndroidManifest.xml:6:22-76
14
15    <!-- Camera for QR scanning (user-initiated only) -->
16    <uses-permission android:name="android.permission.CAMERA" />
16-->src\main\AndroidManifest.xml:9:5-65
16-->src\main\AndroidManifest.xml:9:22-62
17
18    <uses-feature
18-->src\main\AndroidManifest.xml:10:5-85
19        android:name="android.hardware.camera"
19-->src\main\AndroidManifest.xml:10:19-57
20        android:required="false" />
20-->src\main\AndroidManifest.xml:10:58-82
21
22    <!-- Storage for image import (user-initiated only) -->
23    <uses-permission
23-->src\main\AndroidManifest.xml:13:5-14:38
24        android:name="android.permission.READ_EXTERNAL_STORAGE"
24-->src\main\AndroidManifest.xml:13:22-77
25        android:maxSdkVersion="32" />
25-->src\main\AndroidManifest.xml:14:9-35
26    <uses-permission android:name="android.permission.READ_MEDIA_IMAGES" />
26-->src\main\AndroidManifest.xml:15:5-76
26-->src\main\AndroidManifest.xml:15:22-73
27
28    <permission
28-->[androidx.core:core:1.15.0] AndroidManifest.xml:22:5-24:47
29        android:name="com.aistudio.refguard.upiprot.debug.DYNAMIC_RECEIVER_NOT_EXPORTED_PERMISSION"
29-->[androidx.core:core:1.15.0] AndroidManifest.xml:23:9-81
30        android:protectionLevel="signature" />
30-->[androidx.core:core:1.15.0] AndroidManifest.xml:24:9-44
31
32    <uses-permission android:name="com.aistudio.refguard.upiprot.debug.DYNAMIC_RECEIVER_NOT_EXPORTED_PERMISSION" />
32-->[androidx.core:core:1.15.0] AndroidManifest.xml:26:5-97
32-->[androidx.core:core:1.15.0] AndroidManifest.xml:26:22-94
33
34    <application
34-->src\main\AndroidManifest.xml:17:5-71:19
35        android:name="com.refguard.app.RefGuardApplication"
35-->src\main\AndroidManifest.xml:18:9-44
36        android:allowBackup="false"
36-->src\main\AndroidManifest.xml:25:9-36
37        android:appComponentFactory="androidx.core.app.CoreComponentFactory"
37-->[androidx.core:core:1.15.0] AndroidManifest.xml:28:18-86
38        android:debuggable="true"
39        android:extractNativeLibs="false"
40        android:icon="@mipmap/ic_launcher"
40-->src\main\AndroidManifest.xml:20:9-43
41        android:label="@string/app_name"
41-->src\main\AndroidManifest.xml:19:9-41
42        android:networkSecurityConfig="@xml/network_security_config"
42-->src\main\AndroidManifest.xml:24:9-69
43        android:roundIcon="@mipmap/ic_launcher_round"
43-->src\main\AndroidManifest.xml:21:9-54
44        android:supportsRtl="true"
44-->src\main\AndroidManifest.xml:22:9-35
45        android:theme="@style/Theme.RefGuard"
45-->src\main\AndroidManifest.xml:23:9-46
46        android:usesCleartextTraffic="false" >
46-->src\main\AndroidManifest.xml:26:9-45
47
48        <!-- Main Entry Activity & Sharesheet Target -->
49        <activity
49-->src\main\AndroidManifest.xml:29:9-59:20
50            android:name="com.refguard.app.MainActivity"
50-->src\main\AndroidManifest.xml:30:13-41
51            android:exported="true"
51-->src\main\AndroidManifest.xml:31:13-36
52            android:launchMode="singleTask"
52-->src\main\AndroidManifest.xml:32:13-44
53            android:windowSoftInputMode="adjustResize" >
53-->src\main\AndroidManifest.xml:33:13-55
54            <intent-filter>
54-->src\main\AndroidManifest.xml:34:13-37:29
55                <action android:name="android.intent.action.MAIN" />
55-->src\main\AndroidManifest.xml:35:17-69
55-->src\main\AndroidManifest.xml:35:25-66
56
57                <category android:name="android.intent.category.LAUNCHER" />
57-->src\main\AndroidManifest.xml:36:17-77
57-->src\main\AndroidManifest.xml:36:27-74
58            </intent-filter>
59
60            <!-- Share Sheet: Text & Links -->
61            <intent-filter>
61-->src\main\AndroidManifest.xml:40:13-44:29
62                <action android:name="android.intent.action.SEND" />
62-->src\main\AndroidManifest.xml:41:17-69
62-->src\main\AndroidManifest.xml:41:25-66
63
64                <category android:name="android.intent.category.DEFAULT" />
64-->src\main\AndroidManifest.xml:42:17-76
64-->src\main\AndroidManifest.xml:42:27-73
65
66                <data android:mimeType="text/plain" />
66-->src\main\AndroidManifest.xml:43:17-55
66-->src\main\AndroidManifest.xml:43:23-52
67            </intent-filter>
68
69            <!-- Share Sheet: Single Screenshot / Image -->
70            <intent-filter>
70-->src\main\AndroidManifest.xml:47:13-51:29
71                <action android:name="android.intent.action.SEND" />
71-->src\main\AndroidManifest.xml:41:17-69
71-->src\main\AndroidManifest.xml:41:25-66
72
73                <category android:name="android.intent.category.DEFAULT" />
73-->src\main\AndroidManifest.xml:42:17-76
73-->src\main\AndroidManifest.xml:42:27-73
74
75                <data android:mimeType="image/*" />
75-->src\main\AndroidManifest.xml:43:17-55
75-->src\main\AndroidManifest.xml:43:23-52
76            </intent-filter>
77
78            <!-- Share Sheet: Multiple Screenshots / Images -->
79            <intent-filter>
79-->src\main\AndroidManifest.xml:54:13-58:29
80                <action android:name="android.intent.action.SEND_MULTIPLE" />
80-->src\main\AndroidManifest.xml:55:17-78
80-->src\main\AndroidManifest.xml:55:25-75
81
82                <category android:name="android.intent.category.DEFAULT" />
82-->src\main\AndroidManifest.xml:42:17-76
82-->src\main\AndroidManifest.xml:42:27-73
83
84                <data android:mimeType="image/*" />
84-->src\main\AndroidManifest.xml:43:17-55
84-->src\main\AndroidManifest.xml:43:23-52
85            </intent-filter>
86        </activity>
87        <!-- Quick Settings Tile for 1-tap scam defense during calls & chats -->
88        <service
88-->src\main\AndroidManifest.xml:61:9-70:19
89            android:name="com.refguard.app.service.RefGuardTileService"
89-->src\main\AndroidManifest.xml:62:13-56
90            android:exported="true"
90-->src\main\AndroidManifest.xml:66:13-36
91            android:icon="@mipmap/ic_launcher"
91-->src\main\AndroidManifest.xml:64:13-47
92            android:label="@string/tile_label"
92-->src\main\AndroidManifest.xml:63:13-47
93            android:permission="android.permission.BIND_QUICK_SETTINGS_TILE" >
93-->src\main\AndroidManifest.xml:65:13-77
94            <intent-filter>
94-->src\main\AndroidManifest.xml:67:13-69:29
95                <action android:name="android.service.quicksettings.action.QS_TILE" />
95-->src\main\AndroidManifest.xml:68:17-87
95-->src\main\AndroidManifest.xml:68:25-84
96            </intent-filter>
97        </service>
98        <service
98-->[androidx.camera:camera-camera2:1.4.1] AndroidManifest.xml:24:9-33:19
99            android:name="androidx.camera.core.impl.MetadataHolderService"
99-->[androidx.camera:camera-camera2:1.4.1] AndroidManifest.xml:25:13-75
100            android:enabled="false"
100-->[androidx.camera:camera-camera2:1.4.1] AndroidManifest.xml:26:13-36
101            android:exported="false" >
101-->[androidx.camera:camera-camera2:1.4.1] AndroidManifest.xml:27:13-37
102            <meta-data
102-->[androidx.camera:camera-camera2:1.4.1] AndroidManifest.xml:30:13-32:89
103                android:name="androidx.camera.core.impl.MetadataHolderService.DEFAULT_CONFIG_PROVIDER"
103-->[androidx.camera:camera-camera2:1.4.1] AndroidManifest.xml:31:17-103
104                android:value="androidx.camera.camera2.Camera2Config$DefaultProvider" />
104-->[androidx.camera:camera-camera2:1.4.1] AndroidManifest.xml:32:17-86
105        </service>
106        <service
106-->[com.google.android.gms:play-services-mlkit-barcode-scanning:18.3.1] AndroidManifest.xml:9:9-15:19
107            android:name="com.google.mlkit.common.internal.MlKitComponentDiscoveryService"
107-->[com.google.android.gms:play-services-mlkit-barcode-scanning:18.3.1] AndroidManifest.xml:10:13-91
108            android:directBootAware="true"
108-->[com.google.mlkit:common:18.11.0] AndroidManifest.xml:17:13-43
109            android:exported="false" >
109-->[com.google.android.gms:play-services-mlkit-barcode-scanning:18.3.1] AndroidManifest.xml:11:13-37
110            <meta-data
110-->[com.google.android.gms:play-services-mlkit-barcode-scanning:18.3.1] AndroidManifest.xml:12:13-14:85
111                android:name="com.google.firebase.components:com.google.mlkit.vision.barcode.internal.BarcodeRegistrar"
111-->[com.google.android.gms:play-services-mlkit-barcode-scanning:18.3.1] AndroidManifest.xml:13:17-120
112                android:value="com.google.firebase.components.ComponentRegistrar" />
112-->[com.google.android.gms:play-services-mlkit-barcode-scanning:18.3.1] AndroidManifest.xml:14:17-82
113            <meta-data
113-->[com.google.mlkit:vision-common:17.3.0] AndroidManifest.xml:12:13-14:85
114                android:name="com.google.firebase.components:com.google.mlkit.vision.common.internal.VisionCommonRegistrar"
114-->[com.google.mlkit:vision-common:17.3.0] AndroidManifest.xml:13:17-124
115                android:value="com.google.firebase.components.ComponentRegistrar" />
115-->[com.google.mlkit:vision-common:17.3.0] AndroidManifest.xml:14:17-82
116            <meta-data
116-->[com.google.mlkit:common:18.11.0] AndroidManifest.xml:20:13-22:85
117                android:name="com.google.firebase.components:com.google.mlkit.common.internal.CommonComponentRegistrar"
117-->[com.google.mlkit:common:18.11.0] AndroidManifest.xml:21:17-120
118                android:value="com.google.firebase.components.ComponentRegistrar" />
118-->[com.google.mlkit:common:18.11.0] AndroidManifest.xml:22:17-82
119        </service>
120
121        <provider
121-->[com.google.mlkit:common:18.11.0] AndroidManifest.xml:9:9-13:38
122            android:name="com.google.mlkit.common.internal.MlKitInitProvider"
122-->[com.google.mlkit:common:18.11.0] AndroidManifest.xml:10:13-78
123            android:authorities="com.aistudio.refguard.upiprot.debug.mlkitinitprovider"
123-->[com.google.mlkit:common:18.11.0] AndroidManifest.xml:11:13-69
124            android:exported="false"
124-->[com.google.mlkit:common:18.11.0] AndroidManifest.xml:12:13-37
125            android:initOrder="99" />
125-->[com.google.mlkit:common:18.11.0] AndroidManifest.xml:13:13-35
126
127        <activity
127-->[com.google.android.gms:play-services-base:18.5.0] AndroidManifest.xml:5:9-173
128            android:name="com.google.android.gms.common.api.GoogleApiActivity"
128-->[com.google.android.gms:play-services-base:18.5.0] AndroidManifest.xml:5:19-85
129            android:exported="false"
129-->[com.google.android.gms:play-services-base:18.5.0] AndroidManifest.xml:5:146-170
130            android:theme="@android:style/Theme.Translucent.NoTitleBar" />
130-->[com.google.android.gms:play-services-base:18.5.0] AndroidManifest.xml:5:86-145
131
132        <meta-data
132-->[com.google.android.gms:play-services-basement:18.4.0] AndroidManifest.xml:6:9-122
133            android:name="com.google.android.gms.version"
133-->[com.google.android.gms:play-services-basement:18.4.0] AndroidManifest.xml:6:20-65
134            android:value="@integer/google_play_services_version" />
134-->[com.google.android.gms:play-services-basement:18.4.0] AndroidManifest.xml:6:66-119
135
136        <activity
136-->[androidx.compose.ui:ui-tooling-android:1.7.8] AndroidManifest.xml:23:9-25:39
137            android:name="androidx.compose.ui.tooling.PreviewActivity"
137-->[androidx.compose.ui:ui-tooling-android:1.7.8] AndroidManifest.xml:24:13-71
138            android:exported="true" />
138-->[androidx.compose.ui:ui-tooling-android:1.7.8] AndroidManifest.xml:25:13-36
139
140        <provider
140-->[androidx.emoji2:emoji2:1.3.0] AndroidManifest.xml:24:9-32:20
141            android:name="androidx.startup.InitializationProvider"
141-->[androidx.emoji2:emoji2:1.3.0] AndroidManifest.xml:25:13-67
142            android:authorities="com.aistudio.refguard.upiprot.debug.androidx-startup"
142-->[androidx.emoji2:emoji2:1.3.0] AndroidManifest.xml:26:13-68
143            android:exported="false" >
143-->[androidx.emoji2:emoji2:1.3.0] AndroidManifest.xml:27:13-37
144            <meta-data
144-->[androidx.emoji2:emoji2:1.3.0] AndroidManifest.xml:29:13-31:52
145                android:name="androidx.emoji2.text.EmojiCompatInitializer"
145-->[androidx.emoji2:emoji2:1.3.0] AndroidManifest.xml:30:17-75
146                android:value="androidx.startup" />
146-->[androidx.emoji2:emoji2:1.3.0] AndroidManifest.xml:31:17-49
147            <meta-data
147-->[androidx.lifecycle:lifecycle-process:2.8.7] AndroidManifest.xml:29:13-31:52
148                android:name="androidx.lifecycle.ProcessLifecycleInitializer"
148-->[androidx.lifecycle:lifecycle-process:2.8.7] AndroidManifest.xml:30:17-78
149                android:value="androidx.startup" />
149-->[androidx.lifecycle:lifecycle-process:2.8.7] AndroidManifest.xml:31:17-49
150            <meta-data
150-->[androidx.profileinstaller:profileinstaller:1.4.0] AndroidManifest.xml:29:13-31:52
151                android:name="androidx.profileinstaller.ProfileInstallerInitializer"
151-->[androidx.profileinstaller:profileinstaller:1.4.0] AndroidManifest.xml:30:17-85
152                android:value="androidx.startup" />
152-->[androidx.profileinstaller:profileinstaller:1.4.0] AndroidManifest.xml:31:17-49
153        </provider>
154
155        <receiver
155-->[androidx.profileinstaller:profileinstaller:1.4.0] AndroidManifest.xml:34:9-52:20
156            android:name="androidx.profileinstaller.ProfileInstallReceiver"
156-->[androidx.profileinstaller:profileinstaller:1.4.0] AndroidManifest.xml:35:13-76
157            android:directBootAware="false"
157-->[androidx.profileinstaller:profileinstaller:1.4.0] AndroidManifest.xml:36:13-44
158            android:enabled="true"
158-->[androidx.profileinstaller:profileinstaller:1.4.0] AndroidManifest.xml:37:13-35
159            android:exported="true"
159-->[androidx.profileinstaller:profileinstaller:1.4.0] AndroidManifest.xml:38:13-36
160            android:permission="android.permission.DUMP" >
160-->[androidx.profileinstaller:profileinstaller:1.4.0] AndroidManifest.xml:39:13-57
161            <intent-filter>
161-->[androidx.profileinstaller:profileinstaller:1.4.0] AndroidManifest.xml:40:13-42:29
162                <action android:name="androidx.profileinstaller.action.INSTALL_PROFILE" />
162-->[androidx.profileinstaller:profileinstaller:1.4.0] AndroidManifest.xml:41:17-91
162-->[androidx.profileinstaller:profileinstaller:1.4.0] AndroidManifest.xml:41:25-88
163            </intent-filter>
164            <intent-filter>
164-->[androidx.profileinstaller:profileinstaller:1.4.0] AndroidManifest.xml:43:13-45:29
165                <action android:name="androidx.profileinstaller.action.SKIP_FILE" />
165-->[androidx.profileinstaller:profileinstaller:1.4.0] AndroidManifest.xml:44:17-85
165-->[androidx.profileinstaller:profileinstaller:1.4.0] AndroidManifest.xml:44:25-82
166            </intent-filter>
167            <intent-filter>
167-->[androidx.profileinstaller:profileinstaller:1.4.0] AndroidManifest.xml:46:13-48:29
168                <action android:name="androidx.profileinstaller.action.SAVE_PROFILE" />
168-->[androidx.profileinstaller:profileinstaller:1.4.0] AndroidManifest.xml:47:17-88
168-->[androidx.profileinstaller:profileinstaller:1.4.0] AndroidManifest.xml:47:25-85
169            </intent-filter>
170            <intent-filter>
170-->[androidx.profileinstaller:profileinstaller:1.4.0] AndroidManifest.xml:49:13-51:29
171                <action android:name="androidx.profileinstaller.action.BENCHMARK_OPERATION" />
171-->[androidx.profileinstaller:profileinstaller:1.4.0] AndroidManifest.xml:50:17-95
171-->[androidx.profileinstaller:profileinstaller:1.4.0] AndroidManifest.xml:50:25-92
172            </intent-filter>
173        </receiver>
174
175        <service
175-->[com.google.android.datatransport:transport-backend-cct:2.3.3] AndroidManifest.xml:29:9-35:19
176            android:name="com.google.android.datatransport.runtime.backends.TransportBackendDiscovery"
176-->[com.google.android.datatransport:transport-backend-cct:2.3.3] AndroidManifest.xml:30:13-103
177            android:exported="false" >
177-->[com.google.android.datatransport:transport-backend-cct:2.3.3] AndroidManifest.xml:31:13-37
178            <meta-data
178-->[com.google.android.datatransport:transport-backend-cct:2.3.3] AndroidManifest.xml:32:13-34:39
179                android:name="backend:com.google.android.datatransport.cct.CctBackendFactory"
179-->[com.google.android.datatransport:transport-backend-cct:2.3.3] AndroidManifest.xml:33:17-94
180                android:value="cct" />
180-->[com.google.android.datatransport:transport-backend-cct:2.3.3] AndroidManifest.xml:34:17-36
181        </service>
182        <service
182-->[com.google.android.datatransport:transport-runtime:2.2.6] AndroidManifest.xml:26:9-30:19
183            android:name="com.google.android.datatransport.runtime.scheduling.jobscheduling.JobInfoSchedulerService"
183-->[com.google.android.datatransport:transport-runtime:2.2.6] AndroidManifest.xml:27:13-117
184            android:exported="false"
184-->[com.google.android.datatransport:transport-runtime:2.2.6] AndroidManifest.xml:28:13-37
185            android:permission="android.permission.BIND_JOB_SERVICE" >
185-->[com.google.android.datatransport:transport-runtime:2.2.6] AndroidManifest.xml:29:13-69
186        </service>
187
188        <receiver
188-->[com.google.android.datatransport:transport-runtime:2.2.6] AndroidManifest.xml:32:9-34:40
189            android:name="com.google.android.datatransport.runtime.scheduling.jobscheduling.AlarmManagerSchedulerBroadcastReceiver"
189-->[com.google.android.datatransport:transport-runtime:2.2.6] AndroidManifest.xml:33:13-132
190            android:exported="false" />
190-->[com.google.android.datatransport:transport-runtime:2.2.6] AndroidManifest.xml:34:13-37
191    </application>
192
193</manifest>